<?xml version="1.0" encoding="UTF-8"?>
<testng-results skipped="0" failed="0" ignored="0" total="1" passed="1">
  <reporter-output>
  </reporter-output>
  <suite name="Default suite" duration-ms="86531" started-at="2020-08-11T04:39:06Z" finished-at="2020-08-11T04:40:33Z">
    <groups>
    </groups>
    <test name="Default test" duration-ms="86531" started-at="2020-08-11T04:39:06Z" finished-at="2020-08-11T04:40:33Z">
      <class name="framework.Scenario3">
        <test-method status="PASS" signature="ContactstoOrganization()[pri:0, instance:framework.Scenario3@5b275dab]" name="ContactstoOrganization" duration-ms="86407" started-at="2020-08-11T04:39:06Z" finished-at="2020-08-11T04:40:33Z">
          <reporter-output>
          </reporter-output>
        </test-method> <!-- ContactstoOrganization -->
      </class> <!-- framework.Scenario3 -->
    </test> <!-- Default test -->
  </suite> <!-- Default suite -->
</testng-results>
